Using pre-set license
Built from '2020.3/release' branch; Version is '2020.3.15f2 (6cf78cb77498) revision 7141260'; Using compiler version '192528614'; Build Type 'Release'
OS: 'Windows 10 Home; OS build 18363.1556; Version 1909; 64bit' Language: 'en' Physical Memory: 16343 MB
BatchMode: 1, IsHumanControllingUs: 0, StartBugReporterOnCrash: 0, Is64bit: 1, IsPro: 0

 COMMAND LINE ARGUMENTS:
C:\Program Files\Unity\Hub\Editor\2020.3.15f2\Editor\Unity.exe
-adb2
-batchMode
-noUpm
-name
AssetImportWorker0
-projectPath
F:/Systemic Crafting/Systemic-Crafting
-logFile
Logs/AssetImportWorker0.log
-srvPort
56441
Successfully changed project path to: F:/Systemic Crafting/Systemic-Crafting
F:/Systemic Crafting/Systemic-Crafting
Using Asset Import Pipeline V2.
Refreshing native plugins compatible for Editor in 41.50 ms, found 3 plugins.
Preloading 0 native plugins for Editor in 0.00 ms.
Initialize engine version: 2020.3.15f2 (6cf78cb77498)
[Subsystems] Discovering subsystems at path C:/Program Files/Unity/Hub/Editor/2020.3.15f2/Editor/Data/Resources/UnitySubsystems
[Subsystems] Discovering subsystems at path F:/Systemic Crafting/Systemic-Crafting/Assets
GfxDevice: creating device client; threaded=0
Direct3D:
    Version:  Direct3D 11.0 [level 11.1]
    Renderer: NVIDIA GeForce GTX 1080 (ID=0x1b80)
    Vendor:   
    VRAM:     8079 MB
    Driver:   27.21.14.6079
Initialize mono
Mono path[0] = 'C:/Program Files/Unity/Hub/Editor/2020.3.15f2/Editor/Data/Managed'
Mono path[1] = 'C:/Program Files/Unity/Hub/Editor/2020.3.15f2/Editor/Data/MonoBleedingEdge/lib/mono/unityjit'
Mono config path = 'C:/Program Files/Unity/Hub/Editor/2020.3.15f2/Editor/Data/MonoBleedingEdge/etc'
Using monoOptions --debugger-agent=transport=dt_socket,embedding=1,server=y,suspend=n,address=127.0.0.1:56936
Begin MonoManager ReloadAssembly
Registering precompiled unity dll's ...
Register platform support module: C:/Program Files/Unity/Hub/Editor/2020.3.15f2/Editor/Data/PlaybackEngines/WindowsStandaloneSupport/UnityEditor.WindowsStandalone.Extensions.dll
Registered in 0.001333 seconds.
Native extension for WindowsStandalone target not found
Refreshing native plugins compatible for Editor in 39.33 ms, found 3 plugins.
Preloading 0 native plugins for Editor in 0.00 ms.
Mono: successfully reloaded assembly
- Completed reload, in  1.149 seconds
Domain Reload Profiling:
	ReloadAssembly (1149ms)
		BeginReloadAssembly (56ms)
			ExecutionOrderSort (0ms)
			DisableScriptedObjects (0ms)
			BackupInstance (0ms)
			ReleaseScriptingObjects (0ms)
			CreateAndSetChildDomain (1ms)
		EndReloadAssembly (428ms)
			LoadAssemblies (53ms)
			RebuildTransferFunctionScriptingTraits (0ms)
			SetupTypeCache (149ms)
			ReleaseScriptCaches (0ms)
			RebuildScriptCaches (34ms)
			SetupLoadedEditorAssemblies (174ms)
				LogAssemblyErrors (0ms)
				InitializePlatformSupportModulesInManaged (5ms)
				SetLoadedEditorAssemblies (0ms)
				RefreshPlugins (39ms)
				BeforeProcessingInitializeOnLoad (13ms)
				ProcessInitializeOnLoadAttributes (82ms)
				ProcessInitializeOnLoadMethodAttributes (34ms)
				AfterProcessingInitializeOnLoad (0ms)
				EditorAssembliesLoaded (0ms)
			ExecutionOrderSort2 (0ms)
			AwakeInstancesAfterBackupRestoration (0ms)
Platform modules already initialized, skipping
Registering precompiled user dll's ...
Registered in 0.003015 seconds.
Begin MonoManager ReloadAssembly
Native extension for WindowsStandalone target not found
Refreshing native plugins compatible for Editor in 37.17 ms, found 3 plugins.
Preloading 0 native plugins for Editor in 0.00 ms.
Mono: successfully reloaded assembly
- Completed reload, in  1.165 seconds
Domain Reload Profiling:
	ReloadAssembly (1166ms)
		BeginReloadAssembly (133ms)
			ExecutionOrderSort (0ms)
			DisableScriptedObjects (4ms)
			BackupInstance (0ms)
			ReleaseScriptingObjects (0ms)
			CreateAndSetChildDomain (19ms)
		EndReloadAssembly (979ms)
			LoadAssemblies (81ms)
			RebuildTransferFunctionScriptingTraits (0ms)
			SetupTypeCache (297ms)
			ReleaseScriptCaches (0ms)
			RebuildScriptCaches (56ms)
			SetupLoadedEditorAssemblies (420ms)
				LogAssemblyErrors (0ms)
				InitializePlatformSupportModulesInManaged (4ms)
				SetLoadedEditorAssemblies (0ms)
				RefreshPlugins (37ms)
				BeforeProcessingInitializeOnLoad (75ms)
				ProcessInitializeOnLoadAttributes (286ms)
				ProcessInitializeOnLoadMethodAttributes (13ms)
				AfterProcessingInitializeOnLoad (4ms)
				EditorAssembliesLoaded (0ms)
			ExecutionOrderSort2 (0ms)
			AwakeInstancesAfterBackupRestoration (6ms)
Platform modules already initialized, skipping
========================================================================
Worker process is ready to serve import requests
Launched and connected shader compiler UnityShaderCompiler.exe after 0.05 seconds
Refreshing native plugins compatible for Editor in 0.77 ms, found 3 plugins.
Preloading 0 native plugins for Editor in 0.00 ms.
Unloading 2091 Unused Serialized files (Serialized files now loaded: 0)
System memory in use before: 93.1 MB.
System memory in use after: 93.1 MB.

Unloading 33 unused Assets to reduce memory usage. Loaded Objects now: 2523.
Total: 2.742400 ms (FindLiveObjects: 0.209600 ms CreateObjectMapping: 0.102900 ms MarkObjects: 2.175800 ms  DeleteObjects: 0.252400 ms)

AssetImportParameters requested are different than current active one (requested -> active):
  custom:framework-win-MediaFoundation: 216162199b28c13a410421893ffa2e32 -> 
  custom:video-decoder-ogg-theora: a1e56fd34408186e4bbccfd4996cb3dc -> 
  custom:container-muxer-webm: aa71ff27fc2769a1b78a27578f13a17b -> 
  custom:container-demuxer-webm: 4f35f7cbe854078d1ac9338744f61a02 -> 
  custom:container-demuxer-ogg: 62fdf1f143b41e24485cea50d1cbac27 -> 
  custom:video-encoder-webm-vp8: eb34c28f22e8b96e1ab97ce403110664 -> 
  custom:video-codec-MediaFoundation-h265: 746d11721c4dcdbdad8f713fa42b33f4 -> 
  custom:video-decoder-webm-vp8: 9c59270c3fd7afecdb556c50c9e8de78 -> 
  custom:audio-decoder-ogg-vorbis: bf7c407c2cedff20999df2af8eb42d56 -> 
  custom:audio-encoder-webm-vorbis: bf7c407c2cedff20999df2af8eb42d56 -> 
========================================================================
Received Import Request.
  path: Assets
  artifactKey: Guid(00000000000000001000000000000000) Importer(815301076,1909f56bfc062723c751e8b465ee728b)
Start importing Assets using Guid(00000000000000001000000000000000) Importer(815301076,1909f56bfc062723c751e8b465ee728b)  -> (artifact id: '42d402b061de3733987d63b9cc3b64de') in 0.008096 seconds 
  Import took 0.012345 seconds .

========================================================================
Received Import Request.
  Time since last request: 3.164689 seconds.
  path: Assets/GameData
  artifactKey: Guid(e7f39343193f39b4fb34295c34b620b7) Importer(815301076,1909f56bfc062723c751e8b465ee728b)
Start importing Assets/GameData using Guid(e7f39343193f39b4fb34295c34b620b7) Importer(815301076,1909f56bfc062723c751e8b465ee728b)  -> (artifact id: '7ed1966dea20552a5000a6546ff33d09') in 0.005979 seconds 
  Import took 0.009912 seconds .

========================================================================
Received Import Request.
  Time since last request: 6.115517 seconds.
  path: Assets/GameData/Resources
  artifactKey: Guid(71b571a0c2ff2584aa3927ffa286473d) Importer(815301076,1909f56bfc062723c751e8b465ee728b)
Start importing Assets/GameData/Resources using Guid(71b571a0c2ff2584aa3927ffa286473d) Importer(815301076,1909f56bfc062723c751e8b465ee728b)  -> (artifact id: 'a2eca39535108bcd2c43299fd7a2c29f') in 0.006570 seconds 
  Import took 0.012990 seconds .

========================================================================
Received Import Request.
  Time since last request: 11.589059 seconds.
  path: Assets/GameData/Resources/New Folder
  artifactKey: Guid(13c8f93e553c7ca4eaf00c804d7e05e2) Importer(815301076,1909f56bfc062723c751e8b465ee728b)
Start importing Assets/GameData/Resources/New Folder using Guid(13c8f93e553c7ca4eaf00c804d7e05e2) Importer(815301076,1909f56bfc062723c751e8b465ee728b)  -> (artifact id: '6c398ba6b68c9cf267709d082b2ef797') in 0.006711 seconds 
  Import took 0.013012 seconds .

========================================================================
Received Import Request.
  Time since last request: 13.529851 seconds.
  path: Assets/GameData/Resources/ResourceBase.cs
  artifactKey: Guid(7a4f8668b08514d448c7bc57c8516677) Importer(815301076,1909f56bfc062723c751e8b465ee728b)
Start importing Assets/GameData/Resources/ResourceBase.cs using Guid(7a4f8668b08514d448c7bc57c8516677) Importer(815301076,1909f56bfc062723c751e8b465ee728b)  -> (artifact id: '0fe7a1b8441c9f19fd8bbac86f931f9e') in 0.040540 seconds 
  Import took 0.045080 seconds .

========================================================================
Received Import Request.
  Time since last request: 258.224586 seconds.
  path: Assets/GameData/Resources/ResourceBase.cs
  artifactKey: Guid(7a4f8668b08514d448c7bc57c8516677) Importer(815301076,1909f56bfc062723c751e8b465ee728b)
Start importing Assets/GameData/Resources/ResourceBase.cs using Guid(7a4f8668b08514d448c7bc57c8516677) Importer(815301076,1909f56bfc062723c751e8b465ee728b)  -> (artifact id: '94db21691974a0f9094616c0767ae5d0') in 0.004292 seconds 
  Import took 0.010597 seconds .

========================================================================
Received Import Request.
  Time since last request: 28.032083 seconds.
  path: Assets/GameData/Resources/ResourceBase.cs
  artifactKey: Guid(7a4f8668b08514d448c7bc57c8516677) Importer(815301076,1909f56bfc062723c751e8b465ee728b)
Start importing Assets/GameData/Resources/ResourceBase.cs using Guid(7a4f8668b08514d448c7bc57c8516677) Importer(815301076,1909f56bfc062723c751e8b465ee728b)  -> (artifact id: 'd4c5d20c426b88642095659e84eda634') in 0.002566 seconds 
  Import took 0.006041 seconds .

========================================================================
Received Import Request.
  Time since last request: 145.346042 seconds.
  path: Assets/GameData/Resources/ResourceBase.cs
  artifactKey: Guid(7a4f8668b08514d448c7bc57c8516677) Importer(815301076,1909f56bfc062723c751e8b465ee728b)
Start importing Assets/GameData/Resources/ResourceBase.cs using Guid(7a4f8668b08514d448c7bc57c8516677) Importer(815301076,1909f56bfc062723c751e8b465ee728b)  -> (artifact id: '182955f5eba7f6065e9ae5d917794abe') in 0.003546 seconds 
  Import took 0.008675 seconds .

========================================================================
Received Import Request.
  Time since last request: 16.925199 seconds.
  path: Assets/GameData/Resources/ResourceBase.cs
  artifactKey: Guid(7a4f8668b08514d448c7bc57c8516677) Importer(815301076,1909f56bfc062723c751e8b465ee728b)
Start importing Assets/GameData/Resources/ResourceBase.cs using Guid(7a4f8668b08514d448c7bc57c8516677) Importer(815301076,1909f56bfc062723c751e8b465ee728b)  -> (artifact id: '97768e6391d1bd520209cbadfb6773df') in 0.005403 seconds 
  Import took 0.009954 seconds .

========================================================================
Received Prepare
Registering precompiled user dll's ...
Registered in 0.003113 seconds.
Begin MonoManager ReloadAssembly
Native extension for WindowsStandalone target not found
Refreshing native plugins compatible for Editor in 0.49 ms, found 3 plugins.
Preloading 0 native plugins for Editor in 0.00 ms.
Mono: successfully reloaded assembly
- Completed reload, in  1.155 seconds
Domain Reload Profiling:
	ReloadAssembly (1155ms)
		BeginReloadAssembly (129ms)
			ExecutionOrderSort (0ms)
			DisableScriptedObjects (11ms)
			BackupInstance (0ms)
			ReleaseScriptingObjects (0ms)
			CreateAndSetChildDomain (46ms)
		EndReloadAssembly (951ms)
			LoadAssemblies (100ms)
			RebuildTransferFunctionScriptingTraits (0ms)
			SetupTypeCache (300ms)
			ReleaseScriptCaches (1ms)
			RebuildScriptCaches (47ms)
			SetupLoadedEditorAssemblies (398ms)
				LogAssemblyErrors (0ms)
				InitializePlatformSupportModulesInManaged (5ms)
				SetLoadedEditorAssemblies (0ms)
				RefreshPlugins (1ms)
				BeforeProcessingInitializeOnLoad (84ms)
				ProcessInitializeOnLoadAttributes (296ms)
				ProcessInitializeOnLoadMethodAttributes (6ms)
				AfterProcessingInitializeOnLoad (5ms)
				EditorAssembliesLoaded (0ms)
			ExecutionOrderSort2 (0ms)
			AwakeInstancesAfterBackupRestoration (11ms)
Platform modules already initialized, skipping
Refreshing native plugins compatible for Editor in 0.76 ms, found 3 plugins.
Preloading 0 native plugins for Editor in 0.00 ms.
Unloading 2087 Unused Serialized files (Serialized files now loaded: 0)
System memory in use before: 93.1 MB.
System memory in use after: 93.1 MB.

Unloading 21 unused Assets to reduce memory usage. Loaded Objects now: 2527.
Total: 3.075200 ms (FindLiveObjects: 0.359300 ms CreateObjectMapping: 0.217100 ms MarkObjects: 2.390700 ms  DeleteObjects: 0.106600 ms)

AssetImportParameters requested are different than current active one (requested -> active):
  custom:framework-win-MediaFoundation: 216162199b28c13a410421893ffa2e32 -> 
  custom:video-decoder-ogg-theora: a1e56fd34408186e4bbccfd4996cb3dc -> 
  custom:container-muxer-webm: aa71ff27fc2769a1b78a27578f13a17b -> 
  custom:container-demuxer-webm: 4f35f7cbe854078d1ac9338744f61a02 -> 
  custom:container-demuxer-ogg: 62fdf1f143b41e24485cea50d1cbac27 -> 
  custom:video-encoder-webm-vp8: eb34c28f22e8b96e1ab97ce403110664 -> 
  custom:video-codec-MediaFoundation-h265: 746d11721c4dcdbdad8f713fa42b33f4 -> 
  custom:video-decoder-webm-vp8: 9c59270c3fd7afecdb556c50c9e8de78 -> 
  custom:audio-decoder-ogg-vorbis: bf7c407c2cedff20999df2af8eb42d56 -> 
  custom:audio-encoder-webm-vorbis: bf7c407c2cedff20999df2af8eb42d56 -> 
========================================================================
Received Import Request.
  Time since last request: 21.482594 seconds.
  path: Assets/GameData/Resources/ResourceBase.cs
  artifactKey: Guid(7a4f8668b08514d448c7bc57c8516677) Importer(815301076,1909f56bfc062723c751e8b465ee728b)
Start importing Assets/GameData/Resources/ResourceBase.cs using Guid(7a4f8668b08514d448c7bc57c8516677) Importer(815301076,1909f56bfc062723c751e8b465ee728b)  -> (artifact id: '8c8ddc07b803cf87c8185db83c23819f') in 0.005740 seconds 
  Import took 0.010394 seconds .

========================================================================
Received Prepare
Registering precompiled user dll's ...
Registered in 0.002825 seconds.
Begin MonoManager ReloadAssembly
Native extension for WindowsStandalone target not found
Refreshing native plugins compatible for Editor in 0.44 ms, found 3 plugins.
Preloading 0 native plugins for Editor in 0.00 ms.
Mono: successfully reloaded assembly
- Completed reload, in  1.145 seconds
Domain Reload Profiling:
	ReloadAssembly (1147ms)
		BeginReloadAssembly (129ms)
			ExecutionOrderSort (0ms)
			DisableScriptedObjects (21ms)
			BackupInstance (0ms)
			ReleaseScriptingObjects (0ms)
			CreateAndSetChildDomain (40ms)
		EndReloadAssembly (962ms)
			LoadAssemblies (92ms)
			RebuildTransferFunctionScriptingTraits (0ms)
			SetupTypeCache (304ms)
			ReleaseScriptCaches (1ms)
			RebuildScriptCaches (47ms)
			SetupLoadedEditorAssemblies (416ms)
				LogAssemblyErrors (0ms)
				InitializePlatformSupportModulesInManaged (5ms)
				SetLoadedEditorAssemblies (0ms)
				RefreshPlugins (0ms)
				BeforeProcessingInitializeOnLoad (77ms)
				ProcessInitializeOnLoadAttributes (320ms)
				ProcessInitializeOnLoadMethodAttributes (7ms)
				AfterProcessingInitializeOnLoad (6ms)
				EditorAssembliesLoaded (0ms)
			ExecutionOrderSort2 (0ms)
			AwakeInstancesAfterBackupRestoration (13ms)
Platform modules already initialized, skipping
Refreshing native plugins compatible for Editor in 0.75 ms, found 3 plugins.
Preloading 0 native plugins for Editor in 0.00 ms.
Unloading 2087 Unused Serialized files (Serialized files now loaded: 0)
System memory in use before: 93.1 MB.
System memory in use after: 93.1 MB.

Unloading 21 unused Assets to reduce memory usage. Loaded Objects now: 2530.
Total: 2.521600 ms (FindLiveObjects: 0.187200 ms CreateObjectMapping: 0.059200 ms MarkObjects: 2.170700 ms  DeleteObjects: 0.103500 ms)

AssetImportParameters requested are different than current active one (requested -> active):
  custom:framework-win-MediaFoundation: 216162199b28c13a410421893ffa2e32 -> 
  custom:video-decoder-ogg-theora: a1e56fd34408186e4bbccfd4996cb3dc -> 
  custom:container-muxer-webm: aa71ff27fc2769a1b78a27578f13a17b -> 
  custom:container-demuxer-webm: 4f35f7cbe854078d1ac9338744f61a02 -> 
  custom:container-demuxer-ogg: 62fdf1f143b41e24485cea50d1cbac27 -> 
  custom:video-encoder-webm-vp8: eb34c28f22e8b96e1ab97ce403110664 -> 
  custom:video-codec-MediaFoundation-h265: 746d11721c4dcdbdad8f713fa42b33f4 -> 
  custom:video-decoder-webm-vp8: 9c59270c3fd7afecdb556c50c9e8de78 -> 
  custom:audio-decoder-ogg-vorbis: bf7c407c2cedff20999df2af8eb42d56 -> 
  custom:audio-encoder-webm-vorbis: bf7c407c2cedff20999df2af8eb42d56 -> 
========================================================================
Received Import Request.
  Time since last request: 8.418146 seconds.
  path: Assets/GameData/Resources/ResourceBase.cs
  artifactKey: Guid(7a4f8668b08514d448c7bc57c8516677) Importer(815301076,1909f56bfc062723c751e8b465ee728b)
Start importing Assets/GameData/Resources/ResourceBase.cs using Guid(7a4f8668b08514d448c7bc57c8516677) Importer(815301076,1909f56bfc062723c751e8b465ee728b)  -> (artifact id: 'd90daf07ba55a892ad7d79e181827ec2') in 0.005511 seconds 
  Import took 0.010844 seconds .

========================================================================
Received Prepare
Registering precompiled user dll's ...
Registered in 0.002927 seconds.
Begin MonoManager ReloadAssembly
Native extension for WindowsStandalone target not found
Refreshing native plugins compatible for Editor in 0.42 ms, found 3 plugins.
Preloading 0 native plugins for Editor in 0.00 ms.
Mono: successfully reloaded assembly
- Completed reload, in  1.092 seconds
Domain Reload Profiling:
	ReloadAssembly (1092ms)
		BeginReloadAssembly (105ms)
			ExecutionOrderSort (0ms)
			DisableScriptedObjects (7ms)
			BackupInstance (0ms)
			ReleaseScriptingObjects (0ms)
			CreateAndSetChildDomain (35ms)
		EndReloadAssembly (929ms)
			LoadAssemblies (84ms)
			RebuildTransferFunctionScriptingTraits (0ms)
			SetupTypeCache (303ms)
			ReleaseScriptCaches (1ms)
			RebuildScriptCaches (48ms)
			SetupLoadedEditorAssemblies (390ms)
				LogAssemblyErrors (0ms)
				InitializePlatformSupportModulesInManaged (5ms)
				SetLoadedEditorAssemblies (0ms)
				RefreshPlugins (0ms)
				BeforeProcessingInitializeOnLoad (79ms)
				ProcessInitializeOnLoadAttributes (294ms)
				ProcessInitializeOnLoadMethodAttributes (6ms)
				AfterProcessingInitializeOnLoad (5ms)
				EditorAssembliesLoaded (0ms)
			ExecutionOrderSort2 (0ms)
			AwakeInstancesAfterBackupRestoration (16ms)
Platform modules already initialized, skipping
Refreshing native plugins compatible for Editor in 0.71 ms, found 3 plugins.
Preloading 0 native plugins for Editor in 0.00 ms.
Unloading 2087 Unused Serialized files (Serialized files now loaded: 0)
System memory in use before: 93.2 MB.
System memory in use after: 93.1 MB.

Unloading 21 unused Assets to reduce memory usage. Loaded Objects now: 2533.
Total: 2.399300 ms (FindLiveObjects: 0.246500 ms CreateObjectMapping: 0.091000 ms MarkObjects: 1.954100 ms  DeleteObjects: 0.106600 ms)

AssetImportParameters requested are different than current active one (requested -> active):
  custom:framework-win-MediaFoundation: 216162199b28c13a410421893ffa2e32 -> 
  custom:video-decoder-ogg-theora: a1e56fd34408186e4bbccfd4996cb3dc -> 
  custom:container-muxer-webm: aa71ff27fc2769a1b78a27578f13a17b -> 
  custom:container-demuxer-webm: 4f35f7cbe854078d1ac9338744f61a02 -> 
  custom:container-demuxer-ogg: 62fdf1f143b41e24485cea50d1cbac27 -> 
  custom:video-encoder-webm-vp8: eb34c28f22e8b96e1ab97ce403110664 -> 
  custom:video-codec-MediaFoundation-h265: 746d11721c4dcdbdad8f713fa42b33f4 -> 
  custom:video-decoder-webm-vp8: 9c59270c3fd7afecdb556c50c9e8de78 -> 
  custom:audio-decoder-ogg-vorbis: bf7c407c2cedff20999df2af8eb42d56 -> 
  custom:audio-encoder-webm-vorbis: bf7c407c2cedff20999df2af8eb42d56 -> 
========================================================================
Received Prepare
Registering precompiled user dll's ...
Registered in 0.002873 seconds.
Begin MonoManager ReloadAssembly
Native extension for WindowsStandalone target not found
Refreshing native plugins compatible for Editor in 0.44 ms, found 3 plugins.
Preloading 0 native plugins for Editor in 0.00 ms.
Mono: successfully reloaded assembly
- Completed reload, in  1.126 seconds
Domain Reload Profiling:
	ReloadAssembly (1126ms)
		BeginReloadAssembly (115ms)
			ExecutionOrderSort (0ms)
			DisableScriptedObjects (13ms)
			BackupInstance (0ms)
			ReleaseScriptingObjects (0ms)
			CreateAndSetChildDomain (36ms)
		EndReloadAssembly (931ms)
			LoadAssemblies (103ms)
			RebuildTransferFunctionScriptingTraits (0ms)
			SetupTypeCache (282ms)
			ReleaseScriptCaches (1ms)
			RebuildScriptCaches (55ms)
			SetupLoadedEditorAssemblies (374ms)
				LogAssemblyErrors (0ms)
				InitializePlatformSupportModulesInManaged (6ms)
				SetLoadedEditorAssemblies (0ms)
				RefreshPlugins (1ms)
				BeforeProcessingInitializeOnLoad (80ms)
				ProcessInitializeOnLoadAttributes (278ms)
				ProcessInitializeOnLoadMethodAttributes (6ms)
				AfterProcessingInitializeOnLoad (4ms)
				EditorAssembliesLoaded (0ms)
			ExecutionOrderSort2 (0ms)
			AwakeInstancesAfterBackupRestoration (10ms)
Platform modules already initialized, skipping
Refreshing native plugins compatible for Editor in 0.70 ms, found 3 plugins.
Preloading 0 native plugins for Editor in 0.00 ms.
Unloading 2087 Unused Serialized files (Serialized files now loaded: 0)
System memory in use before: 93.2 MB.
System memory in use after: 93.2 MB.

Unloading 21 unused Assets to reduce memory usage. Loaded Objects now: 2536.
Total: 2.506700 ms (FindLiveObjects: 0.172200 ms CreateObjectMapping: 0.070400 ms MarkObjects: 2.157700 ms  DeleteObjects: 0.104900 ms)

AssetImportParameters requested are different than current active one (requested -> active):
  custom:framework-win-MediaFoundation: 216162199b28c13a410421893ffa2e32 -> 
  custom:video-decoder-ogg-theora: a1e56fd34408186e4bbccfd4996cb3dc -> 
  custom:container-muxer-webm: aa71ff27fc2769a1b78a27578f13a17b -> 
  custom:container-demuxer-webm: 4f35f7cbe854078d1ac9338744f61a02 -> 
  custom:container-demuxer-ogg: 62fdf1f143b41e24485cea50d1cbac27 -> 
  custom:video-encoder-webm-vp8: eb34c28f22e8b96e1ab97ce403110664 -> 
  custom:video-codec-MediaFoundation-h265: 746d11721c4dcdbdad8f713fa42b33f4 -> 
  custom:video-decoder-webm-vp8: 9c59270c3fd7afecdb556c50c9e8de78 -> 
  custom:audio-decoder-ogg-vorbis: bf7c407c2cedff20999df2af8eb42d56 -> 
  custom:audio-encoder-webm-vorbis: bf7c407c2cedff20999df2af8eb42d56 -> 
========================================================================
Received Import Request.
  Time since last request: 70.073349 seconds.
  path: Assets/GameData/Resources/ResourceBase.cs
  artifactKey: Guid(7a4f8668b08514d448c7bc57c8516677) Importer(815301076,1909f56bfc062723c751e8b465ee728b)
Start importing Assets/GameData/Resources/ResourceBase.cs using Guid(7a4f8668b08514d448c7bc57c8516677) Importer(815301076,1909f56bfc062723c751e8b465ee728b)  -> (artifact id: '473a0ff5264119156234331b46d19fce') in 0.008637 seconds 
  Import took 0.013562 seconds .

========================================================================
Received Prepare
Registering precompiled user dll's ...
Registered in 0.003684 seconds.
Begin MonoManager ReloadAssembly
Native extension for WindowsStandalone target not found
Refreshing native plugins compatible for Editor in 0.41 ms, found 3 plugins.
Preloading 0 native plugins for Editor in 0.00 ms.
Mono: successfully reloaded assembly
- Completed reload, in  1.119 seconds
Domain Reload Profiling:
	ReloadAssembly (1120ms)
		BeginReloadAssembly (123ms)
			ExecutionOrderSort (0ms)
			DisableScriptedObjects (10ms)
			BackupInstance (0ms)
			ReleaseScriptingObjects (0ms)
			CreateAndSetChildDomain (40ms)
		EndReloadAssembly (921ms)
			LoadAssemblies (106ms)
			RebuildTransferFunctionScriptingTraits (0ms)
			SetupTypeCache (273ms)
			ReleaseScriptCaches (1ms)
			RebuildScriptCaches (52ms)
			SetupLoadedEditorAssemblies (392ms)
				LogAssemblyErrors (0ms)
				InitializePlatformSupportModulesInManaged (5ms)
				SetLoadedEditorAssemblies (0ms)
				RefreshPlugins (0ms)
				BeforeProcessingInitializeOnLoad (85ms)
				ProcessInitializeOnLoadAttributes (292ms)
				ProcessInitializeOnLoadMethodAttributes (6ms)
				AfterProcessingInitializeOnLoad (4ms)
				EditorAssembliesLoaded (0ms)
			ExecutionOrderSort2 (0ms)
			AwakeInstancesAfterBackupRestoration (10ms)
Platform modules already initialized, skipping
Refreshing native plugins compatible for Editor in 0.69 ms, found 3 plugins.
Preloading 0 native plugins for Editor in 0.00 ms.
Unloading 2087 Unused Serialized files (Serialized files now loaded: 0)
System memory in use before: 93.2 MB.
System memory in use after: 93.2 MB.

Unloading 21 unused Assets to reduce memory usage. Loaded Objects now: 2539.
Total: 2.376400 ms (FindLiveObjects: 0.197200 ms CreateObjectMapping: 0.079700 ms MarkObjects: 1.995000 ms  DeleteObjects: 0.103600 ms)

AssetImportParameters requested are different than current active one (requested -> active):
  custom:framework-win-MediaFoundation: 216162199b28c13a410421893ffa2e32 -> 
  custom:video-decoder-ogg-theora: a1e56fd34408186e4bbccfd4996cb3dc -> 
  custom:container-muxer-webm: aa71ff27fc2769a1b78a27578f13a17b -> 
  custom:container-demuxer-webm: 4f35f7cbe854078d1ac9338744f61a02 -> 
  custom:container-demuxer-ogg: 62fdf1f143b41e24485cea50d1cbac27 -> 
  custom:video-encoder-webm-vp8: eb34c28f22e8b96e1ab97ce403110664 -> 
  custom:video-codec-MediaFoundation-h265: 746d11721c4dcdbdad8f713fa42b33f4 -> 
  custom:video-decoder-webm-vp8: 9c59270c3fd7afecdb556c50c9e8de78 -> 
  custom:audio-decoder-ogg-vorbis: bf7c407c2cedff20999df2af8eb42d56 -> 
  custom:audio-encoder-webm-vorbis: bf7c407c2cedff20999df2af8eb42d56 -> 
========================================================================
Received Import Request.
  Time since last request: 18.612958 seconds.
  path: Assets/GameData/Resources/Resource.asset
  artifactKey: Guid(a47273ff3fcb75749b29eb483344e7fe) Importer(815301076,1909f56bfc062723c751e8b465ee728b)
Start importing Assets/GameData/Resources/Resource.asset using Guid(a47273ff3fcb75749b29eb483344e7fe) Importer(815301076,1909f56bfc062723c751e8b465ee728b)  -> (artifact id: 'd8d783889eeaa69335f535d5328bc844') in 0.035278 seconds 
  Import took 0.041778 seconds .

========================================================================
Received Import Request.
  Time since last request: 0.001135 seconds.
  path: Assets/GameData/Resources/Resource.asset
  artifactKey: Guid(a47273ff3fcb75749b29eb483344e7fe) Importer(815301076,1909f56bfc062723c751e8b465ee728b)
Start importing Assets/GameData/Resources/Resource.asset using Guid(a47273ff3fcb75749b29eb483344e7fe) Importer(815301076,1909f56bfc062723c751e8b465ee728b)  -> (artifact id: 'd8d783889eeaa69335f535d5328bc844') in 0.006940 seconds 
  Import took 0.012947 seconds .

========================================================================
Received Import Request.
  Time since last request: 6.342403 seconds.
  path: Assets/GameData/Resources/Stone.asset
  artifactKey: Guid(a47273ff3fcb75749b29eb483344e7fe) Importer(815301076,1909f56bfc062723c751e8b465ee728b)
Start importing Assets/GameData/Resources/Stone.asset using Guid(a47273ff3fcb75749b29eb483344e7fe) Importer(815301076,1909f56bfc062723c751e8b465ee728b)  -> (artifact id: 'fe48552eb93607e18cbc1b5e9920a548') in 0.007809 seconds 
  Import took 0.013479 seconds .

========================================================================
Received Import Request.
  Time since last request: 0.014463 seconds.
  path: Assets/GameData/Resources/Stone.asset
  artifactKey: Guid(a47273ff3fcb75749b29eb483344e7fe) Importer(815301076,1909f56bfc062723c751e8b465ee728b)
Start importing Assets/GameData/Resources/Stone.asset using Guid(a47273ff3fcb75749b29eb483344e7fe) Importer(815301076,1909f56bfc062723c751e8b465ee728b)  -> (artifact id: 'fe48552eb93607e18cbc1b5e9920a548') in 0.004560 seconds 
  Import took 0.008892 seconds .

========================================================================
Received Import Request.
  Time since last request: 43.084936 seconds.
  path: Assets/GameData/Resources/Dirt.asset
  artifactKey: Guid(526418a59b0242d4f97974c2033e0202) Importer(815301076,1909f56bfc062723c751e8b465ee728b)
Start importing Assets/GameData/Resources/Dirt.asset using Guid(526418a59b0242d4f97974c2033e0202) Importer(815301076,1909f56bfc062723c751e8b465ee728b)  -> (artifact id: '668590037288599fc18aee63d5ca841e') in 0.007156 seconds 
  Import took 0.012223 seconds .

========================================================================
Received Import Request.
  Time since last request: 0.010807 seconds.
  path: Assets/GameData/Resources/Dirt.asset
  artifactKey: Guid(526418a59b0242d4f97974c2033e0202) Importer(815301076,1909f56bfc062723c751e8b465ee728b)
Start importing Assets/GameData/Resources/Dirt.asset using Guid(526418a59b0242d4f97974c2033e0202) Importer(815301076,1909f56bfc062723c751e8b465ee728b)  -> (artifact id: '668590037288599fc18aee63d5ca841e') in 0.003080 seconds 
  Import took 0.007061 seconds .

========================================================================
Received Import Request.
  Time since last request: 30.951173 seconds.
  path: Assets/GameData/Resources/Copper.asset
  artifactKey: Guid(6f4e11c8a1c37aa41ac545d1a306f86b) Importer(815301076,1909f56bfc062723c751e8b465ee728b)
Start importing Assets/GameData/Resources/Copper.asset using Guid(6f4e11c8a1c37aa41ac545d1a306f86b) Importer(815301076,1909f56bfc062723c751e8b465ee728b)  -> (artifact id: '5c59d28be6e4adb6b25b858cab2e7fe8') in 0.008567 seconds 
  Import took 0.013276 seconds .

========================================================================
Received Import Request.
  Time since last request: 0.016469 seconds.
  path: Assets/GameData/Resources/Copper.asset
  artifactKey: Guid(6f4e11c8a1c37aa41ac545d1a306f86b) Importer(815301076,1909f56bfc062723c751e8b465ee728b)
Start importing Assets/GameData/Resources/Copper.asset using Guid(6f4e11c8a1c37aa41ac545d1a306f86b) Importer(815301076,1909f56bfc062723c751e8b465ee728b)  -> (artifact id: '5c59d28be6e4adb6b25b858cab2e7fe8') in 0.003514 seconds 
  Import took 0.007424 seconds .

========================================================================
Received Import Request.
  Time since last request: 45.240350 seconds.
  path: Assets/GameData/Resources/Gold.asset
  artifactKey: Guid(034a19a111495a1478bd314e7cfaec8a) Importer(815301076,1909f56bfc062723c751e8b465ee728b)
Start importing Assets/GameData/Resources/Gold.asset using Guid(034a19a111495a1478bd314e7cfaec8a) Importer(815301076,1909f56bfc062723c751e8b465ee728b)  -> (artifact id: 'e6e7095314317fd956e9d60ffb82bcda') in 0.010445 seconds 
  Import took 0.017342 seconds .

========================================================================
Received Import Request.
  Time since last request: 0.011830 seconds.
  path: Assets/GameData/Resources/Gold.asset
  artifactKey: Guid(034a19a111495a1478bd314e7cfaec8a) Importer(815301076,1909f56bfc062723c751e8b465ee728b)
Start importing Assets/GameData/Resources/Gold.asset using Guid(034a19a111495a1478bd314e7cfaec8a) Importer(815301076,1909f56bfc062723c751e8b465ee728b)  -> (artifact id: 'e6e7095314317fd956e9d60ffb82bcda') in 0.003833 seconds 
  Import took 0.007751 seconds .

========================================================================
Received Import Request.
  Time since last request: 768.659166 seconds.
  path: Assets/GameData/Resources/Copper.asset
  artifactKey: Guid(6f4e11c8a1c37aa41ac545d1a306f86b) Importer(815301076,1909f56bfc062723c751e8b465ee728b)
Start importing Assets/GameData/Resources/Copper.asset using Guid(6f4e11c8a1c37aa41ac545d1a306f86b) Importer(815301076,1909f56bfc062723c751e8b465ee728b)  -> (artifact id: 'c35bb04683568b1971582405555e069f') in 0.003297 seconds 
  Import took 0.007679 seconds .

========================================================================
Received Import Request.
  Time since last request: 0.000229 seconds.
  path: Assets/GameData/Resources/Stone.asset
  artifactKey: Guid(a47273ff3fcb75749b29eb483344e7fe) Importer(815301076,1909f56bfc062723c751e8b465ee728b)
Start importing Assets/GameData/Resources/Stone.asset using Guid(a47273ff3fcb75749b29eb483344e7fe) Importer(815301076,1909f56bfc062723c751e8b465ee728b)  -> (artifact id: 'c66264989d261d6593baf528410316f8') in 0.003560 seconds 
  Import took 0.009112 seconds .

========================================================================
Received Import Request.
  Time since last request: 0.000208 seconds.
  path: Assets/GameData/Resources/Gold.asset
  artifactKey: Guid(034a19a111495a1478bd314e7cfaec8a) Importer(815301076,1909f56bfc062723c751e8b465ee728b)
Start importing Assets/GameData/Resources/Gold.asset using Guid(034a19a111495a1478bd314e7cfaec8a) Importer(815301076,1909f56bfc062723c751e8b465ee728b)  -> (artifact id: '8da1ed9a9a08469ebbc8dfe0105f3ba7') in 0.004065 seconds 
  Import took 0.008654 seconds .

========================================================================
Received Import Request.
  Time since last request: 0.000196 seconds.
  path: Assets/GameData/Resources/Dirt.asset
  artifactKey: Guid(526418a59b0242d4f97974c2033e0202) Importer(815301076,1909f56bfc062723c751e8b465ee728b)
Start importing Assets/GameData/Resources/Dirt.asset using Guid(526418a59b0242d4f97974c2033e0202) Importer(815301076,1909f56bfc062723c751e8b465ee728b)  -> (artifact id: 'ade06cb3d23534bc58700798210feac1') in 0.003222 seconds 
  Import took 0.007933 seconds .

